
 *******************************************************************************

         NASA-LEWIS CHEMICAL EQUILIBRIUM PROGRAM CEA,  SEP. 4, 1997
                   BY  BONNIE MCBRIDE AND SANFORD GORDON
      REFS: NASA RP-1311, PART I, 1994 AND NASA RP-1311, PART II, 1996

 *******************************************************************************



 problem  rocket eq
  fac o/f=   5.0000,
 ac/at=   4.8000
 p,psia=    47.50
 reactants
 reac  oxid O2(L)  wt%=100.000000   t(k)=  90.00
  
       fuel H2(L)  wt%=100.000000   t(k)=  20.00
  
  
 output transport siunits plot t mach gam prand rho visc son cond
 end

 OPTIONS: TP=F  HP=F  SP=F  TV=F  UV=F  SV=F  DETN=F  SHOCK=F  REFL=F  INCD=F
 RKT=T  FROZ=F  EQL=T  IONS=F  SIUNIT=T  DEBUGF=F  SHKDBG=F  DETDBG=F  TRNSPT=T

 TRACE= 0.00E+00  S/R= 0.000000E+00  H/R= 0.000000E+00  U/R= 0.000000E+00

 Pc,BAR =     3.274997

 Pc/P =

 SUBSONIC AREA RATIOS =

 SUPERSONIC AREA RATIOS =

 NFZ=  1  Mdot/Ac= 0.000000E+00  Ac/At= 4.800000E+00

 WARNING!! T=    90.00K DIFFERS FROM    90.17K FOR O2(L)           (REACT)

 WARNING!! T=    20.00K DIFFERS FROM    20.27K FOR H2(L)           (REACT)

    REACTANT          WT.FRAC   (ENERGY/R),K   TEMP,K  DENSITY
        EXPLODED FORMULA
 O: O2(L)            1.000000   -.156101E+04    90.17   .0000
          O  2.00000
 F: H2(L)            1.000000   -.108389E+04    20.27   .0000
          H  2.00000

       SPECIES BEING CONSIDERED IN THIS SYSTEM
 (CONDENSED PHASE MAY HAVE NAME LISTED SEVERAL TIMES)

  l 9/96  *H               l 5/89  HO2              tpis78  *H2            
  l 8/89  H2O              l 2/93  H2O2             l 5/97  *O             
  tpis78  *OH              tpis89  *O2              l 5/90  O3             
  l 8/89  H2O(s)           l 8/89  H2O(L)         

 SPECIES WITH TRANSPORT PROPERTIES

        PURE SPECIES

  H                 H2                H2O               O               
  OH                O2              

     BINARY INTERACTIONS

     H               H2              
     H               O               
     H2              H2O             
     H2              O2              
     H2O             O2              
     O               O2              


 O/F =   5.000000

                       EFFECTIVE FUEL     EFFECTIVE OXIDANT        MIXTURE
 ENTHALPY                  h(2)/R              h(1)/R               h0/R
 (KG-MOL)(K)/KG        -.53767500E+03      -.48783267E+02      -.13026522E+03

 KG-FORM.WT./KG             bi(2)               bi(1)               b0i
  *O                    .00000000E+00       .62502344E-01       .52085287E-01
  *H                    .99212255E+00       .00000000E+00       .16535376E+00

 POINT ITN      T            O           H 
   1    9    3021.895     -17.705     -10.372
   2    2    3018.278     -17.715     -10.388
 Pinf/Pt = 1.730251
   3    4    2863.534     -18.131     -10.565
 Pinf/Pt = 1.731975
   3    2    2863.254     -18.132     -10.566
   4    2    3015.700     -17.722     -10.391
   4    1    3015.751     -17.722     -10.391
   4    1    3015.750     -17.722     -10.391
   2    2    3021.045     -17.708     -10.376
 Pinf/Pt = 1.730382
   3    4    2865.767     -18.124     -10.552
 Pinf/Pt = 1.732126
   3    2    2865.483     -18.125     -10.553
   4    2    3018.458     -17.714     -10.379
   4    1    3018.509     -17.714     -10.378
   4    1    3018.508     -17.714     -10.378
 END OF CHAMBER ITERATIONS





              THEORETICAL ROCKET PERFORMANCE ASSUMING EQUILIBRIUM

            COMPOSITION DURING EXPANSION FROM FINITE AREA COMBUSTOR

 Pinj =    47.5 PSIA
 Ac/At =  4.8000      Pinj/Pinf =  1.008794
 CASE =                

             REACTANT                    WT FRACTION      ENERGY      TEMP
                                          (SEE NOTE)     KJ/KG-MOL      K  
 OXIDANT     O2(L)                        1.0000000    -12979.000     90.170
 FUEL        H2(L)                        1.0000000     -9012.000     20.270

 O/F=    5.00000  %FUEL= 16.666667  R,EQ.RATIO= 1.587337  PHI,EQ.RATIO= 1.587337

                 INJECTOR  COMB END  THROAT
 Pinj/P            1.0000   1.0178   1.7474
 P, BAR            3.2750   3.2177   1.8743
 T, K             3021.90  3018.51  2865.48
 RHO, KG/CU M    1.5019-1 1.4775-1 9.1727-2
 H, KJ/KG        -1083.09 -1102.49 -2242.85
 U, KJ/KG        -3263.62 -3280.31 -4286.15
 G, KJ/KG        -66260.7 -66226.1 -64065.0
 S, KJ/(KG)(K)    21.5685  21.5748  21.5748

 M, (1/n)          11.523   11.524   11.660
 (dLV/dLP)t      -1.02594 -1.02587 -1.01942
 (dLV/dLT)p        1.5163   1.5155   1.4059
 Cp, KJ/(KG)(K)   11.5921  11.5869  10.1760
 GAMMAs            1.1327   1.1327   1.1352
 SON VEL,M/SEC     1571.6   1570.6   1523.0
 MACH NUMBER         .000     .125    1.000

 TRANSPORT PROPERTIES (GASES ONLY)
   CONDUCTIVITY IN UNITS OF MILLIWATTS/(CM)(K)

 VISC,MILLIPOISE   .92626   .92549   .89000

  WITH EQUILIBRIUM REACTIONS

 Cp, KJ/(KG)(K)   11.5921  11.5869  10.1760
 CONDUCTIVITY     23.8512  23.8303  20.3009
 PRANDTL NUMBER     .4502    .4500    .4461

  WITH FROZEN REACTIONS

 Cp, KJ/(KG)(K)    4.1070   4.1062   4.0668
 CONDUCTIVITY      5.6657   5.6595   5.3541
 PRANDTL NUMBER     .6714    .6715    .6760

 PERFORMANCE PARAMETERS

 Ae/At                      4.8000   1.0000
 CSTAR, M/SEC               2323.9   2323.9
 CF                          .0848    .6554
 Ivac, M/SEC               11252.7   2864.6
 Isp, M/SEC                  197.0   1523.0


 MOLE FRACTIONS

 *H                .05501   .05493   .04433
 *H2               .34670   .34670   .34950
 H2O               .56340   .56361   .58141
 *O                .00291   .00290   .00173
 *OH               .03010   .02999   .02189
 *O2               .00187   .00186   .00115

  * THERMODYNAMIC PROPERTIES FITTED TO 20000.K

    PRODUCTS WHICH WERE CONSIDERED BUT WHOSE MOLE FRACTIONS
    WERE LESS THAN 5.000000E-06 FOR ALL ASSIGNED CONDITIONS

 HO2             H2O2            O3              H2O(s)          H2O(L)         

 NOTE. WEIGHT FRACTION OF FUEL IN TOTAL FUELS AND OF OXIDANT IN TOTAL OXIDANTS



